
Start-Date: 2025-07-30  02:11:50
Commandline: apt-get install --reinstall apt
Reinstall: apt:amd64 (2.7.14build2)
End-Date: 2025-07-30  02:11:52

Start-Date: 2025-07-30  02:11:55
Commandline: apt-get install --reinstall base-files
Reinstall: base-files:amd64 (13ubuntu10)
End-Date: 2025-07-30  02:11:56

Start-Date: 2025-07-30  02:11:59
Commandline: apt-get install --reinstall base-passwd
Reinstall: base-passwd:amd64 (3.6.3build1)
End-Date: 2025-07-30  02:12:01

Start-Date: 2025-07-30  02:12:05
Commandline: apt-get install --reinstall bash
Reinstall: bash:amd64 (5.2.21-2ubuntu4)
End-Date: 2025-07-30  02:12:07

Start-Date: 2025-07-30  02:12:10
Commandline: apt-get install --reinstall bsdutils
Reinstall: bsdutils:amd64 (1:2.39.3-9ubuntu6)
End-Date: 2025-07-30  02:12:11

Start-Date: 2025-07-30  02:12:16
Commandline: apt-get install --reinstall coreutils
Reinstall: coreutils:amd64 (9.4-3ubuntu6)
End-Date: 2025-07-30  02:12:18

Start-Date: 2025-07-30  02:12:21
Commandline: apt-get install --reinstall dash
Reinstall: dash:amd64 (0.5.12-6ubuntu5)
End-Date: 2025-07-30  02:12:22

Start-Date: 2025-07-30  02:12:25
Commandline: apt-get install --reinstall debconf
Reinstall: debconf:amd64 (1.5.86ubuntu1)
End-Date: 2025-07-30  02:12:27

Start-Date: 2025-07-30  02:12:29
Commandline: apt-get install --reinstall debianutils
Reinstall: debianutils:amd64 (5.17build1)
End-Date: 2025-07-30  02:12:31

Start-Date: 2025-07-30  02:12:34
Commandline: apt-get install --reinstall diffutils
Reinstall: diffutils:amd64 (1:3.10-1build1)
End-Date: 2025-07-30  02:12:35

Start-Date: 2025-07-30  02:12:39
Commandline: apt-get install --reinstall dpkg
Reinstall: dpkg:amd64 (1.22.6ubuntu6)
End-Date: 2025-07-30  02:12:41

Start-Date: 2025-07-30  02:12:45
Commandline: apt-get install --reinstall e2fsprogs
Reinstall: e2fsprogs:amd64 (1.47.0-2.4~exp1ubuntu4)
End-Date: 2025-07-30  02:12:46

Start-Date: 2025-07-30  02:12:49
Commandline: apt-get install --reinstall findutils
Reinstall: findutils:amd64 (4.9.0-5build1)
End-Date: 2025-07-30  02:12:51

Start-Date: 2025-07-30  02:12:54
Commandline: apt-get install --reinstall gcc-14-base:amd64
Reinstall: gcc-14-base:amd64 (14-20240412-0ubuntu1)
End-Date: 2025-07-30  02:12:55

Start-Date: 2025-07-30  02:12:58
Commandline: apt-get install --reinstall gpgv
Reinstall: gpgv:amd64 (2.4.4-2ubuntu17)
End-Date: 2025-07-30  02:12:59

Start-Date: 2025-07-30  02:13:02
Commandline: apt-get install --reinstall grep
Reinstall: grep:amd64 (3.11-4build1)
End-Date: 2025-07-30  02:13:04

Start-Date: 2025-07-30  02:13:07
Commandline: apt-get install --reinstall gzip
Reinstall: gzip:amd64 (1.12-1ubuntu3)
End-Date: 2025-07-30  02:13:08

Start-Date: 2025-07-30  02:13:11
Commandline: apt-get install --reinstall hostname
Reinstall: hostname:amd64 (3.23+nmu2ubuntu2)
End-Date: 2025-07-30  02:13:13

Start-Date: 2025-07-30  02:13:15
Commandline: apt-get install --reinstall init-system-helpers
Reinstall: init-system-helpers:amd64 (1.66ubuntu1)
End-Date: 2025-07-30  02:13:17

Start-Date: 2025-07-30  02:13:19
Commandline: apt-get install --reinstall libacl1:amd64
Reinstall: libacl1:amd64 (2.3.2-1build1)
End-Date: 2025-07-30  02:13:21

Start-Date: 2025-07-30  02:13:25
Commandline: apt-get install --reinstall libapt-pkg6.0t64:amd64
Reinstall: libapt-pkg6.0t64:amd64 (2.7.14build2)
End-Date: 2025-07-30  02:13:27

Start-Date: 2025-07-30  02:13:29
Commandline: apt-get install --reinstall libassuan0:amd64
Reinstall: libassuan0:amd64 (2.5.6-1build1)
End-Date: 2025-07-30  02:13:31

Start-Date: 2025-07-30  02:13:34
Commandline: apt-get install --reinstall libattr1:amd64
Reinstall: libattr1:amd64 (1:2.5.2-1build1)
End-Date: 2025-07-30  02:13:35

Start-Date: 2025-07-30  02:13:39
Commandline: apt-get install --reinstall libaudit-common
Reinstall: libaudit-common:amd64 (1:3.1.2-2.1build1)
End-Date: 2025-07-30  02:13:40

Start-Date: 2025-07-30  02:13:43
Commandline: apt-get install --reinstall libaudit1:amd64
Reinstall: libaudit1:amd64 (1:3.1.2-2.1build1)
End-Date: 2025-07-30  02:13:45

Start-Date: 2025-07-30  02:13:48
Commandline: apt-get install --reinstall libblkid1:amd64
Reinstall: libblkid1:amd64 (2.39.3-9ubuntu6)
End-Date: 2025-07-30  02:13:49

Start-Date: 2025-07-30  02:13:52
Commandline: apt-get install --reinstall libbz2-1.0:amd64
Reinstall: libbz2-1.0:amd64 (1.0.8-5.1)
End-Date: 2025-07-30  02:13:53

Start-Date: 2025-07-30  02:13:57
Commandline: apt-get install --reinstall libc-bin
Reinstall: libc-bin:amd64 (2.39-0ubuntu8)
End-Date: 2025-07-30  02:13:59

Start-Date: 2025-07-30  02:14:07
Commandline: apt-get install --reinstall libc6:amd64
Reinstall: libc6:amd64 (2.39-0ubuntu8)
End-Date: 2025-07-30  02:14:10

Start-Date: 2025-07-30  02:14:12
Commandline: apt-get install --reinstall libcap-ng0:amd64
Reinstall: libcap-ng0:amd64 (0.8.4-2build2)
End-Date: 2025-07-30  02:14:14

Start-Date: 2025-07-30  02:14:16
Commandline: apt-get install --reinstall libcap2:amd64
Reinstall: libcap2:amd64 (1:2.66-5ubuntu2)
End-Date: 2025-07-30  02:14:18

Start-Date: 2025-07-30  02:14:21
Commandline: apt-get install --reinstall libcom-err2:amd64
Reinstall: libcom-err2:amd64 (1.47.0-2.4~exp1ubuntu4)
End-Date: 2025-07-30  02:14:22

Start-Date: 2025-07-30  02:14:25
Commandline: apt-get install --reinstall libcrypt1:amd64
Reinstall: libcrypt1:amd64 (1:4.4.36-4build1)
End-Date: 2025-07-30  02:14:26

Start-Date: 2025-07-30  02:14:29
Commandline: apt-get install --reinstall libdebconfclient0:amd64
Reinstall: libdebconfclient0:amd64 (0.271ubuntu3)
End-Date: 2025-07-30  02:14:31

Start-Date: 2025-07-30  02:14:34
Commandline: apt-get install --reinstall libext2fs2t64:amd64
Reinstall: libext2fs2t64:amd64 (1.47.0-2.4~exp1ubuntu4)
End-Date: 2025-07-30  02:14:35

Start-Date: 2025-07-30  02:14:38
Commandline: apt-get install --reinstall libffi8:amd64
Reinstall: libffi8:amd64 (3.4.6-1build1)
End-Date: 2025-07-30  02:14:39

Start-Date: 2025-07-30  02:14:42
Commandline: apt-get install --reinstall libgcc-s1:amd64
Reinstall: libgcc-s1:amd64 (14-20240412-0ubuntu1)
End-Date: 2025-07-30  02:14:43

Start-Date: 2025-07-30  02:14:47
Commandline: apt-get install --reinstall libgcrypt20:amd64
Reinstall: libgcrypt20:amd64 (1.10.3-2build1)
End-Date: 2025-07-30  02:14:48

Start-Date: 2025-07-30  02:14:51
Commandline: apt-get install --reinstall libgmp10:amd64
Reinstall: libgmp10:amd64 (2:6.3.0+dfsg-2ubuntu6)
End-Date: 2025-07-30  02:14:53

Start-Date: 2025-07-30  02:14:57
Commandline: apt-get install --reinstall libgnutls30t64:amd64
Reinstall: libgnutls30t64:amd64 (3.8.3-1.1ubuntu3)
End-Date: 2025-07-30  02:14:58

Start-Date: 2025-07-30  02:15:01
Commandline: apt-get install --reinstall libgpg-error0:amd64
Reinstall: libgpg-error0:amd64 (1.47-3build2)
End-Date: 2025-07-30  02:15:03

Start-Date: 2025-07-30  02:15:06
Commandline: apt-get install --reinstall libhogweed6t64:amd64
Reinstall: libhogweed6t64:amd64 (3.9.1-2.2build1)
End-Date: 2025-07-30  02:15:08

Start-Date: 2025-07-30  02:15:10
Commandline: apt-get install --reinstall libidn2-0:amd64
Reinstall: libidn2-0:amd64 (2.3.7-2build1)
End-Date: 2025-07-30  02:15:12

Start-Date: 2025-07-30  02:15:15
Commandline: apt-get install --reinstall liblz4-1:amd64
Reinstall: liblz4-1:amd64 (1.9.4-1build1)
End-Date: 2025-07-30  02:15:16

Start-Date: 2025-07-30  02:15:19
Commandline: apt-get install --reinstall liblzma5:amd64
Reinstall: liblzma5:amd64 (5.6.1+really5.4.5-1)
End-Date: 2025-07-30  02:15:21

Start-Date: 2025-07-30  02:15:23
Commandline: apt-get install --reinstall libmd0:amd64
Reinstall: libmd0:amd64 (1.1.0-2build1)
End-Date: 2025-07-30  02:15:25

Start-Date: 2025-07-30  02:15:28
Commandline: apt-get install --reinstall libmount1:amd64
Reinstall: libmount1:amd64 (2.39.3-9ubuntu6)
End-Date: 2025-07-30  02:15:29

Start-Date: 2025-07-30  02:15:32
Commandline: apt-get install --reinstall libncursesw6:amd64
Reinstall: libncursesw6:amd64 (6.4+20240113-1ubuntu2)
End-Date: 2025-07-30  02:15:33

Start-Date: 2025-07-30  02:15:36
Commandline: apt-get install --reinstall libnettle8t64:amd64
Reinstall: libnettle8t64:amd64 (3.9.1-2.2build1)
End-Date: 2025-07-30  02:15:38

Start-Date: 2025-07-30  02:15:40
Commandline: apt-get install --reinstall libnpth0t64:amd64
Reinstall: libnpth0t64:amd64 (1.6-3.1build1)
End-Date: 2025-07-30  02:15:42

Start-Date: 2025-07-30  02:15:45
Commandline: apt-get install --reinstall libp11-kit0:amd64
Reinstall: libp11-kit0:amd64 (0.25.3-4ubuntu2)
End-Date: 2025-07-30  02:15:47

Start-Date: 2025-07-30  02:15:50
Commandline: apt-get install --reinstall libpam-modules:amd64
Reinstall: libpam-modules:amd64 (1.5.3-5ubuntu5)
End-Date: 2025-07-30  02:15:51

Start-Date: 2025-07-30  02:15:54
Commandline: apt-get install --reinstall libpam-modules-bin
Reinstall: libpam-modules-bin:amd64 (1.5.3-5ubuntu5)
End-Date: 2025-07-30  02:15:56

Start-Date: 2025-07-30  02:15:58
Commandline: apt-get install --reinstall libpam-runtime
Reinstall: libpam-runtime:amd64 (1.5.3-5ubuntu5)
End-Date: 2025-07-30  02:16:00

Start-Date: 2025-07-30  02:16:03
Commandline: apt-get install --reinstall libpam0g:amd64
Reinstall: libpam0g:amd64 (1.5.3-5ubuntu5)
End-Date: 2025-07-30  02:16:04

Start-Date: 2025-07-30  02:16:07
Commandline: apt-get install --reinstall libpcre2-8-0:amd64
Reinstall: libpcre2-8-0:amd64 (10.42-4ubuntu2)
End-Date: 2025-07-30  02:16:09

Start-Date: 2025-07-30  02:16:11
Commandline: apt-get install --reinstall libproc2-0:amd64
Reinstall: libproc2-0:amd64 (2:4.0.4-4ubuntu3)
End-Date: 2025-07-30  02:16:13

Start-Date: 2025-07-30  02:16:15
Commandline: apt-get install --reinstall libseccomp2:amd64
Reinstall: libseccomp2:amd64 (2.5.5-1ubuntu3)
End-Date: 2025-07-30  02:16:17

Start-Date: 2025-07-30  02:16:20
Commandline: apt-get install --reinstall libselinux1:amd64
Reinstall: libselinux1:amd64 (3.5-2ubuntu2)
End-Date: 2025-07-30  02:16:21

Start-Date: 2025-07-30  02:16:24
Commandline: apt-get install --reinstall libsemanage-common
Reinstall: libsemanage-common:amd64 (3.5-1build5)
End-Date: 2025-07-30  02:16:25

Start-Date: 2025-07-30  02:16:28
Commandline: apt-get install --reinstall libsemanage2:amd64
Reinstall: libsemanage2:amd64 (3.5-1build5)
End-Date: 2025-07-30  02:16:29

Start-Date: 2025-07-30  02:16:32
Commandline: apt-get install --reinstall libsepol2:amd64
Reinstall: libsepol2:amd64 (3.5-2build1)
End-Date: 2025-07-30  02:16:33

Start-Date: 2025-07-30  02:16:36
Commandline: apt-get install --reinstall libsmartcols1:amd64
Reinstall: libsmartcols1:amd64 (2.39.3-9ubuntu6)
End-Date: 2025-07-30  02:16:38

Start-Date: 2025-07-30  02:16:40
Commandline: apt-get install --reinstall libss2:amd64
Reinstall: libss2:amd64 (1.47.0-2.4~exp1ubuntu4)
End-Date: 2025-07-30  02:16:42

Start-Date: 2025-07-30  02:16:47
Commandline: apt-get install --reinstall libssl3t64:amd64
Reinstall: libssl3t64:amd64 (3.0.13-0ubuntu3)
End-Date: 2025-07-30  02:16:48

Start-Date: 2025-07-30  02:16:52
Commandline: apt-get install --reinstall libstdc++6:amd64
Reinstall: libstdc++6:amd64 (14-20240412-0ubuntu1)
End-Date: 2025-07-30  02:16:53

Start-Date: 2025-07-30  02:16:57
Commandline: apt-get install --reinstall libsystemd0:amd64
Reinstall: libsystemd0:amd64 (255.4-1ubuntu8)
End-Date: 2025-07-30  02:16:58

Start-Date: 2025-07-30  02:17:01
Commandline: apt-get install --reinstall libtasn1-6:amd64
Reinstall: libtasn1-6:amd64 (4.19.0-3build1)
End-Date: 2025-07-30  02:17:02

Start-Date: 2025-07-30  02:17:05
Commandline: apt-get install --reinstall libtinfo6:amd64
Reinstall: libtinfo6:amd64 (6.4+20240113-1ubuntu2)
End-Date: 2025-07-30  02:17:07

Start-Date: 2025-07-30  02:17:10
Commandline: apt-get install --reinstall libudev1:amd64
Reinstall: libudev1:amd64 (255.4-1ubuntu8)
End-Date: 2025-07-30  02:17:11

Start-Date: 2025-07-30  02:17:15
Commandline: apt-get install --reinstall libunistring5:amd64
Reinstall: libunistring5:amd64 (1.1-2build1)
End-Date: 2025-07-30  02:17:16

Start-Date: 2025-07-30  02:17:19
Commandline: apt-get install --reinstall libuuid1:amd64
Reinstall: libuuid1:amd64 (2.39.3-9ubuntu6)
End-Date: 2025-07-30  02:17:20

Start-Date: 2025-07-30  02:17:23
Commandline: apt-get install --reinstall libxxhash0:amd64
Reinstall: libxxhash0:amd64 (0.8.2-2build1)
End-Date: 2025-07-30  02:17:25

Start-Date: 2025-07-30  02:17:28
Commandline: apt-get install --reinstall libzstd1:amd64
Reinstall: libzstd1:amd64 (1.5.5+dfsg2-2build1)
End-Date: 2025-07-30  02:17:30

Start-Date: 2025-07-30  02:17:33
Commandline: apt-get install --reinstall login
Reinstall: login:amd64 (1:4.13+dfsg1-4ubuntu3)
End-Date: 2025-07-30  02:17:34

Start-Date: 2025-07-30  02:17:37
Commandline: apt-get install --reinstall logsave
Reinstall: logsave:amd64 (1.47.0-2.4~exp1ubuntu4)
End-Date: 2025-07-30  02:17:38

Start-Date: 2025-07-30  02:17:42
Commandline: apt-get install --reinstall mawk
Reinstall: mawk:amd64 (1.3.4.20240123-1build1)
End-Date: 2025-07-30  02:17:43

Start-Date: 2025-07-30  02:17:46
Commandline: apt-get install --reinstall mount
Reinstall: mount:amd64 (2.39.3-9ubuntu6)
End-Date: 2025-07-30  02:17:47

Start-Date: 2025-07-30  02:17:49
Commandline: apt-get install --reinstall ncurses-base
Reinstall: ncurses-base:amd64 (6.4+20240113-1ubuntu2)
End-Date: 2025-07-30  02:17:51

Start-Date: 2025-07-30  02:17:54
Commandline: apt-get install --reinstall ncurses-bin
Reinstall: ncurses-bin:amd64 (6.4+20240113-1ubuntu2)
End-Date: 2025-07-30  02:17:55

Start-Date: 2025-07-30  02:17:59
Commandline: apt-get install --reinstall passwd
Reinstall: passwd:amd64 (1:4.13+dfsg1-4ubuntu3)
End-Date: 2025-07-30  02:18:00

Start-Date: 2025-07-30  02:18:05
Commandline: apt-get install --reinstall perl-base
Reinstall: perl-base:amd64 (5.38.2-3.2build2)
End-Date: 2025-07-30  02:18:07

Start-Date: 2025-07-30  02:18:10
Commandline: apt-get install --reinstall procps
Reinstall: procps:amd64 (2:4.0.4-4ubuntu3)
End-Date: 2025-07-30  02:18:12

Start-Date: 2025-07-30  02:18:15
Commandline: apt-get install --reinstall sed
Reinstall: sed:amd64 (4.9-2build1)
End-Date: 2025-07-30  02:18:16

Start-Date: 2025-07-30  02:18:19
Commandline: apt-get install --reinstall sensible-utils
Reinstall: sensible-utils:amd64 (0.0.22)
End-Date: 2025-07-30  02:18:20

Start-Date: 2025-07-30  02:18:24
Commandline: apt-get install --reinstall sysvinit-utils
Reinstall: sysvinit-utils:amd64 (3.08-6ubuntu3)
End-Date: 2025-07-30  02:18:26

Start-Date: 2025-07-30  02:18:29
Commandline: apt-get install --reinstall tar
Reinstall: tar:amd64 (1.35+dfsg-3build1)
End-Date: 2025-07-30  02:18:30

Start-Date: 2025-07-30  02:18:33
Commandline: apt-get install --reinstall ubuntu-keyring
Reinstall: ubuntu-keyring:amd64 (2023.11.28.1)
End-Date: 2025-07-30  02:18:34

Start-Date: 2025-07-30  02:18:38
Commandline: apt-get install --reinstall util-linux
Reinstall: util-linux:amd64 (2.39.3-9ubuntu6)
End-Date: 2025-07-30  02:18:40

Start-Date: 2025-07-30  02:18:43
Commandline: apt-get install --reinstall zlib1g:amd64
Reinstall: zlib1g:amd64 (1:1.3.dfsg-3.1ubuntu2)
End-Date: 2025-07-30  02:18:44

Start-Date: 2025-07-30  02:19:15
Commandline: apt-get --yes -oDebug::pkgDepCache::AutoInstall=yes --no-install-recommends --force-yes upgrade
Upgrade: dpkg:amd64 (1.22.6ubuntu6, 1.22.6ubuntu6.1), libsmartcols1:amd64 (2.39.3-9ubuntu6, 2.39.3-9ubuntu6.3), libpam-runtime:amd64 (1.5.3-5ubuntu5, 1.5.3-5ubuntu5.4), libaudit-common:amd64 (1:3.1.2-2.1build1, 1:3.1.2-2.1build1.1), apt:amd64 (2.7.14build2, 2.8.3), libacl1:amd64 (2.3.2-1build1, 2.3.2-1build1.1), libunistring5:amd64 (1.1-2build1, 1.1-2build1.1), libidn2-0:amd64 (2.3.7-2build1, 2.3.7-2build1.1), libtasn1-6:amd64 (4.19.0-3build1, 4.19.0-3ubuntu0.24.04.1), libselinux1:amd64 (3.5-2ubuntu2, 3.5-2ubuntu2.1), liblzma5:amd64 (5.6.1+really5.4.5-1, 5.6.1+really5.4.5-1ubuntu0.2), libhogweed6t64:amd64 (3.9.1-2.2build1, 3.9.1-2.2build1.1), libext2fs2t64:amd64 (1.47.0-2.4~exp1ubuntu4, 1.47.0-2.4~exp1ubuntu4.1), libp11-kit0:amd64 (0.25.3-4ubuntu2, 0.25.3-4ubuntu2.1), libproc2-0:amd64 (2:4.0.4-4ubuntu3, 2:4.0.4-4ubuntu3.2), libsystemd0:amd64 (255.4-1ubuntu8, 255.4-1ubuntu8.10), libmount1:amd64 (2.39.3-9ubuntu6, 2.39.3-9ubuntu6.3), libzstd1:amd64 (1.5.5+dfsg2-2build1, 1.5.5+dfsg2-2build1.1), util-linux:amd64 (2.39.3-9ubuntu6, 2.39.3-9ubuntu6.3), libudev1:amd64 (255.4-1ubuntu8, 255.4-1ubuntu8.10), libgpg-error0:amd64 (1.47-3build2, 1.47-3build2.1), libnettle8t64:amd64 (3.9.1-2.2build1, 3.9.1-2.2build1.1), libcom-err2:amd64 (1.47.0-2.4~exp1ubuntu4, 1.47.0-2.4~exp1ubuntu4.1), libcap2:amd64 (1:2.66-5ubuntu2, 1:2.66-5ubuntu2.2), libc6:amd64 (2.39-0ubuntu8, 2.39-0ubuntu8.5), libuuid1:amd64 (2.39.3-9ubuntu6, 2.39.3-9ubuntu6.3), gpgv:amd64 (2.4.4-2ubuntu17, 2.4.4-2ubuntu17.3), base-files:amd64 (13ubuntu10, 13ubuntu10.2), gzip:amd64 (1.12-1ubuntu3, 1.12-1ubuntu3.1), login:amd64 (1:4.13+dfsg1-4ubuntu3, 1:4.13+dfsg1-4ubuntu3.2), libgmp10:amd64 (2:6.3.0+dfsg-2ubuntu6, 2:6.3.0+dfsg-2ubuntu6.1), libpcre2-8-0:amd64 (10.42-4ubuntu2, 10.42-4ubuntu2.1), libseccomp2:amd64 (2.5.5-1ubuntu3, 2.5.5-1ubuntu3.1), procps:amd64 (2:4.0.4-4ubuntu3, 2:4.0.4-4ubuntu3.2), libapt-pkg6.0t64:amd64 (2.7.14build2, 2.8.3), mount:amd64 (2.39.3-9ubuntu6, 2.39.3-9ubuntu6.3), perl-base:amd64 (5.38.2-3.2build2, 5.38.2-3.2ubuntu0.2), libpam0g:amd64 (1.5.3-5ubuntu5, 1.5.3-5ubuntu5.4), libc-bin:amd64 (2.39-0ubuntu8, 2.39-0ubuntu8.5), libattr1:amd64 (1:2.5.2-1build1, 1:2.5.2-1build1.1), libaudit1:amd64 (1:3.1.2-2.1build1, 1:3.1.2-2.1build1.1), libssl3t64:amd64 (3.0.13-0ubuntu3, 3.0.13-0ubuntu3.5), libgnutls30t64:amd64 (3.8.3-1.1ubuntu3, 3.8.3-1.1ubuntu3.4), libblkid1:amd64 (2.39.3-9ubuntu6, 2.39.3-9ubuntu6.3), logsave:amd64 (1.47.0-2.4~exp1ubuntu4, 1.47.0-2.4~exp1ubuntu4.1), liblz4-1:amd64 (1.9.4-1build1, 1.9.4-1build1.1), libbz2-1.0:amd64 (1.0.8-5.1, 1.0.8-5.1build0.1), zlib1g:amd64 (1:1.3.dfsg-3.1ubuntu2, 1:1.3.dfsg-3.1ubuntu2.1), libmd0:amd64 (1.1.0-2build1, 1.1.0-2build1.1), bsdutils:amd64 (1:2.39.3-9ubuntu6, 1:2.39.3-9ubuntu6.3), libss2:amd64 (1.47.0-2.4~exp1ubuntu4, 1.47.0-2.4~exp1ubuntu4.1), libstdc++6:amd64 (14-20240412-0ubuntu1, 14.2.0-4ubuntu2~24.04), e2fsprogs:amd64 (1.47.0-2.4~exp1ubuntu4, 1.47.0-2.4~exp1ubuntu4.1), passwd:amd64 (1:4.13+dfsg1-4ubuntu3, 1:4.13+dfsg1-4ubuntu3.2), gcc-14-base:amd64 (14-20240412-0ubuntu1, 14.2.0-4ubuntu2~24.04), libgcc-s1:amd64 (14-20240412-0ubuntu1, 14.2.0-4ubuntu2~24.04)
End-Date: 2025-07-30  02:19:20

Start-Date: 2025-07-30  02:19:22
Commandline: apt-get --yes -oDebug::pkgDepCache::AutoInstall=yes --no-install-recommends --force-yes dist-upgrade
Install: libdb5.3t64:amd64 (5.3.28+dfsg2-7, automatic)
Upgrade: libpam-modules:amd64 (1.5.3-5ubuntu5, 1.5.3-5ubuntu5.4), libpam-modules-bin:amd64 (1.5.3-5ubuntu5, 1.5.3-5ubuntu5.4)
End-Date: 2025-07-30  02:19:22

Start-Date: 2025-07-30  02:19:23
Commandline: apt-get --yes -oDebug::pkgDepCache::AutoInstall=yes --no-install-recommends install unminimize
Install: unminimize:amd64 (0.2.1)
End-Date: 2025-07-30  02:19:23

Start-Date: 2025-08-12  17:23:50
Commandline: apt-get install -y --no-install-recommends curl wget gnupg fontconfig ca-certificates p11-kit tzdata locales
Install: fontconfig:amd64 (2.15.0-1.1ubuntu2), libkeyutils1:amd64 (1.6.3-3build1, automatic), libgssapi-krb5-2:amd64 (1.20.1-6ubuntu2.6, automatic), readline-common:amd64 (8.2-4build1, automatic), libnghttp2-14:amd64 (1.59.0-1ubuntu0.2, automatic), libssh-4:amd64 (0.10.6-2ubuntu0.1, automatic), libldap2:amd64 (2.6.7+dfsg-1~exp1ubuntu8.2, automatic), gpg:amd64 (2.4.4-2ubuntu17.3, automatic), tzdata:amd64 (2025b-0ubuntu0.24.04.1), libpsl5t64:amd64 (0.21.2-1.1build1, automatic), libsasl2-2:amd64 (2.1.28+dfsg1-5ubuntu3.1, automatic), libexpat1:amd64 (2.6.1-2ubuntu0.3, automatic), librtmp1:amd64 (2.4+20151223.gitfa8646d.1-2build7, automatic), libfreetype6:amd64 (2.13.2+dfsg-1build3, automatic), keyboxd:amd64 (2.4.4-2ubuntu17.3, automatic), libreadline8t64:amd64 (8.2-4build1, automatic), gnupg:amd64 (2.4.4-2ubuntu17.3), libsasl2-modules-db:amd64 (2.1.28+dfsg1-5ubuntu3.1, automatic), libkrb5support0:amd64 (1.20.1-6ubuntu2.6, automatic), libfontconfig1:amd64 (2.15.0-1.1ubuntu2, automatic), gpg-agent:amd64 (2.4.4-2ubuntu17.3, automatic), wget:amd64 (1.21.4-1ubuntu4.1), p11-kit-modules:amd64 (0.25.3-4ubuntu2.1, automatic), fontconfig-config:amd64 (2.15.0-1.1ubuntu2, automatic), locales:amd64 (2.39-0ubuntu8.5), libkrb5-3:amd64 (1.20.1-6ubuntu2.6, automatic), libk5crypto3:amd64 (1.20.1-6ubuntu2.6, automatic), libsqlite3-0:amd64 (3.45.1-1ubuntu2.4, automatic), pinentry-curses:amd64 (1.2.1-3ubuntu5, automatic), libcurl4t64:amd64 (8.5.0-2ubuntu10.6, automatic), gpgsm:amd64 (2.4.4-2ubuntu17.3, automatic), fonts-dejavu-mono:amd64 (2.37-8, automatic), adduser:amd64 (3.137ubuntu1, automatic), ca-certificates:amd64 (20240203), libbrotli1:amd64 (1.1.0-2build2, automatic), dirmngr:amd64 (2.4.4-2ubuntu17.3, automatic), libksba8:amd64 (1.6.6-1build1, automatic), fonts-dejavu-core:amd64 (2.37-8, automatic), gnupg-utils:amd64 (2.4.4-2ubuntu17.3, automatic), curl:amd64 (8.5.0-2ubuntu10.6), libpng16-16t64:amd64 (1.6.43-5build1, automatic), gpgconf:amd64 (2.4.4-2ubuntu17.3, automatic), p11-kit:amd64 (0.25.3-4ubuntu2.1), openssl:amd64 (3.0.13-0ubuntu3.5, automatic)
End-Date: 2025-08-12  17:23:56

Start-Date: 2025-08-23  17:08:53
Commandline: apt-get install -y ffmpeg
Install: libvulkan1:amd64 (1.3.275.0-1build1, automatic), libsvtav1enc1d1:amd64 (1.7.0+dfsg-2build1, automatic), libhwy1t64:amd64 (1.0.7-8.1build1, automatic), libxcb-present0:amd64 (1.15-1ubuntu2, automatic), libgomp1:amd64 (14.2.0-4ubuntu2~24.04, automatic), networkd-dispatcher:amd64 (2.2.4-1, automatic), libpulse0:amd64 (1:16.1+dfsg1-2ubuntu10.1, automatic), libwebpmux3:amd64 (1.3.2-0.4build3, automatic), libopenal-data:amd64 (1:1.23.1-4build1, automatic), libvpl2:amd64 (2023.3.0-1build1, automatic), libserd-0-0:amd64 (0.32.2-1, automatic), libvpx9:amd64 (1.14.0-1ubuntu2.2, automatic), libxxf86vm1:amd64 (1:1.1.4-1build4, automatic), libcodec2-1.2:amd64 (1.2.0-2build1, automatic), python3.12:amd64 (3.12.3-1ubuntu0.8, automatic), python3-gi:amd64 (3.48.2-1, automatic), librubberband2:amd64 (3.3.0+dfsg-2build1, automatic), libsharpyuv0:amd64 (1.3.2-0.4build3, automatic), netbase:amd64 (6.4, automatic), libgdk-pixbuf2.0-bin:amd64 (2.42.10+dfsg-3ubuntu3.2, automatic), libglx-mesa0:amd64 (25.0.7-0ubuntu0.24.04.1, automatic), libtwolame0:amd64 (0.4.0-2build3, automatic), libzvbi-common:amd64 (0.2.42-2, automatic), va-driver-all:amd64 (2.20.0-2build1, automatic), libjack-jackd2-0:amd64 (1.9.21~dfsg-3ubuntu3, automatic), libdatrie1:amd64 (0.2.13-3build1, automatic), libthai0:amd64 (0.1.29-2build1, automatic), xkb-data:amd64 (2.41-2ubuntu1.1, automatic), libxrender1:amd64 (1:0.9.10-1.1build1, automatic), dbus-user-session:amd64 (1.14.10-4ubuntu4.1, automatic), libglvnd0:amd64 (1.7.0-1build1, automatic), libsensors-config:amd64 (1:3.6.0-9build1, automatic), hicolor-icon-theme:amd64 (0.17-2, automatic), systemd-timesyncd:amd64 (255.4-1ubuntu8.10, automatic), libx11-xcb1:amd64 (2:1.8.7-1build1, automatic), libxshmfence1:amd64 (1.3-1build5, automatic), libdecor-0-0:amd64 (0.2.2-1build2, automatic), libpango-1.0-0:amd64 (1.52.1+ds-1build1, automatic), libsrt1.5-gnutls:amd64 (1.5.3-1build2, automatic), python3-minimal:amd64 (3.12.3-0ubuntu2, automatic), libpam-systemd:amd64 (255.4-1ubuntu8.10, automatic), libwayland-cursor0:amd64 (1.22.0-2.1build1, automatic), libx264-164:amd64 (2:0.164.3108+git31e19f9-1, automatic), libshine3:amd64 (3.1.1-2build1, automatic), libaom3:amd64 (3.8.2-2ubuntu0.1, automatic), libjpeg-turbo8:amd64 (2.1.5-2ubuntu2, automatic), libavahi-common-data:amd64 (0.8-13ubuntu6, automatic), libcolord2:amd64 (1.4.7-1build2, automatic), gir1.2-glib-2.0:amd64 (2.80.0-6ubuntu3.4, automatic), libx265-199:amd64 (3.5-2build1, automatic), libass9:amd64 (1:0.17.1-2build1, automatic), libxcb-dri3-0:amd64 (1.15-1ubuntu2, automatic), libcairo2:amd64 (1.18.0-3build1, automatic), libgbm1:amd64 (25.0.7-0ubuntu0.24.04.1, automatic), libaacs0:amd64 (0.11.1-2build1, automatic), libpciaccess0:amd64 (0.17-3ubuntu0.24.04.2, automatic), libxcursor1:amd64 (1:1.2.1-1build1, automatic), libbluray2:amd64 (1:1.3.4-1build1, automatic), libvorbisfile3:amd64 (1.3.7-1build3, automatic), libpython3.12-minimal:amd64 (3.12.3-1ubuntu0.8, automatic), libblas3:amd64 (3.12.0-3build1.1, automatic), at-spi2-core:amd64 (2.52.0-1build1, automatic), libdeflate0:amd64 (1.19-1build1.1, automatic), libjpeg8:amd64 (8c-2ubuntu11, automatic), x11-common:amd64 (1:7.7+23ubuntu3, automatic), libiec61883-0:amd64 (1.2.0-6build1, automatic), libsphinxbase3t64:amd64 (0.8+5prealpha+1-17build2, automatic), libbs2b0:amd64 (3.1.0+dfsg-7build1, automatic), alsa-ucm-conf:amd64 (1.2.10-1ubuntu5.7, automatic), libfftw3-double3:amd64 (3.3.10-1ubuntu3, automatic), libwayland-server0:amd64 (1.22.0-2.1build1, automatic), libglx0:amd64 (1.7.0-1build1, automatic), dbus-daemon:amd64 (1.14.10-4ubuntu4.1, automatic), libgme0:amd64 (0.6.3-7build1, automatic), libdav1d7:amd64 (1.4.1-1build1, automatic), libcaca0:amd64 (0.99.beta20-4build2, automatic), libfribidi0:amd64 (1.0.13-3build1, automatic), mesa-libgallium:amd64 (25.0.7-0ubuntu0.24.04.1, automatic), libraw1394-11:amd64 (2.1.2-2build3, automatic), adwaita-icon-theme:amd64 (46.0-1, automatic), libtiff6:amd64 (4.5.1+git230720-4ubuntu2.3, automatic), libgfortran5:amd64 (14.2.0-4ubuntu2~24.04, automatic), libpixman-1-0:amd64 (0.42.2-1build1, automatic), libvidstab1.1:amd64 (1.1.0-2build1, automatic), libva-x11-2:amd64 (2.20.0-2build1, automatic), librist4:amd64 (0.2.10+dfsg-2, automatic), libgsm1:amd64 (1.0.22-1build1, automatic), libcjson1:amd64 (1.7.17-1, automatic), libavdevice60:amd64 (7:6.1.1-3ubuntu5, automatic), libxau6:amd64 (1:1.0.9-1build6, automatic), libnss-systemd:amd64 (255.4-1ubuntu8.10, automatic), libxcb1:amd64 (1.15-1ubuntu2, automatic), ffmpeg:amd64 (7:6.1.1-3ubuntu5), libapparmor1:amd64 (4.0.1really4.0.1-0ubuntu0.24.04.4, automatic), libssh-gcrypt-4:amd64 (0.10.6-2ubuntu0.1, automatic), libllvm19:amd64 (1:19.1.1-1ubuntu1~24.04.2, automatic), librsvg2-common:amd64 (2.58.0+dfsg-1build1, automatic), libxcomposite1:amd64 (1:0.4.5-1build3, automatic), libnuma1:amd64 (2.0.18-1build1, automatic), python3:amd64 (3.12.3-0ubuntu2, automatic), libdbus-1-3:amd64 (1.14.10-4ubuntu4.1, automatic), libcdio19t64:amd64 (2.1.0-4.1ubuntu1.2, automatic), libxdamage1:amd64 (1:1.1.6-1build1, automatic), libgdk-pixbuf-2.0-0:amd64 (2.42.10+dfsg-3ubuntu3.2, automatic), dbus-bin:amd64 (1.14.10-4ubuntu4.1, automatic), libcairo-gobject2:amd64 (1.18.0-3build1, automatic), liblerc4:amd64 (4.0.0+ds-4ubuntu2, automatic), ubuntu-mono:amd64 (24.04-0ubuntu1, automatic), libxml2:amd64 (2.9.14+dfsg-1.3ubuntu3.4, automatic), libglib2.0-data:amd64 (2.80.0-6ubuntu3.4, automatic), humanity-icon-theme:amd64 (0.6.16, automatic), libgraphite2-3:amd64 (1.3.14-2build1, automatic), libbsd0:amd64 (0.12.1-1build1.1, automatic), libdconf1:amd64 (0.40.0-4build2, automatic), libcups2t64:amd64 (2.4.7-1.2ubuntu7.3, automatic), libvdpau1:amd64 (1.5-2build1, automatic), systemd:amd64 (255.4-1ubuntu8.10, automatic), libpostproc57:amd64 (7:6.1.1-3ubuntu5, automatic), libxss1:amd64 (1:1.2.3-1build3, automatic), mesa-va-drivers:amd64 (25.0.7-0ubuntu0.24.04.1, automatic), shared-mime-info:amd64 (2.4-4, automatic), libatspi2.0-0t64:amd64 (2.52.0-1build1, automatic), libgl1-mesa-dri:amd64 (25.0.7-0ubuntu0.24.04.1, automatic), libcdio-cdda2t64:amd64 (10.2+2.0.1-1.1build2, automatic), libasound2t64:amd64 (1.2.11-1ubuntu0.1, automatic), libxrandr2:amd64 (2:1.5.2-2build1, automatic), libjxl0.7:amd64 (0.7.0-10.2ubuntu6.1, automatic), libfdisk1:amd64 (2.39.3-9ubuntu6.3, automatic), systemd-dev:amd64 (255.4-1ubuntu8.10, automatic), libmp3lame0:amd64 (3.100-6build1, automatic), libsoxr0:amd64 (0.1.3-4build3, automatic), libdrm-common:amd64 (2.4.122-1~ubuntu0.24.04.1, automatic), libx11-data:amd64 (2:1.8.7-1build1, automatic), libgirepository-1.0-1:amd64 (1.80.1-1, automatic), libavc1394-0:amd64 (0.5.4-5build3, automatic), libsodium23:amd64 (1.0.18-1build3, automatic), xdg-user-dirs:amd64 (0.18-1build1, automatic), libudfread0:amd64 (1.1.2-1build1, automatic), libmbedcrypto7t64:amd64 (2.28.8-1, automatic), gir1.2-girepository-2.0:amd64 (1.80.1-1, automatic), libsnappy1v5:amd64 (1.1.10-1build1, automatic), libsndio7.0:amd64 (1.9.0-0.3build3, automatic), libopus0:amd64 (1.4-1build1, automatic), libpangocairo-1.0-0:amd64 (1.52.1+ds-1build1, automatic), libxkbcommon0:amd64 (1.6.0-1build1, automatic), libnorm1t64:amd64 (1.5.9+dfsg-3.1build1, automatic), libxtst6:amd64 (2:1.2.3-1.1build1, automatic), vdpau-driver-all:amd64 (1.5-2build1, automatic), libmysofa1:amd64 (1.3.2+dfsg-2ubuntu2, automatic), libavcodec60:amd64 (7:6.1.1-3ubuntu5, automatic), libzimg2:amd64 (3.0.5+ds1-1build1, automatic), libxcb-render0:amd64 (1.15-1ubuntu2, automatic), libusb-1.0-0:amd64 (2:1.0.27-1, automatic), libzvbi0t64:amd64 (0.2.42-2, automatic), gsettings-desktop-schemas:amd64 (46.1-0ubuntu1, automatic), i965-va-driver:amd64 (2.4.1+dfsg1-1build2, automatic), media-types:amd64 (10.1.0, automatic), systemd-resolved:amd64 (255.4-1ubuntu8.10, automatic), libdecor-0-plugin-1-gtk:amd64 (0.2.2-1build2, automatic), pocketsphinx-en-us:amd64 (0.8.0+real5prealpha+1-15ubuntu5, automatic), libopenal1:amd64 (1:1.23.1-4build1, automatic), mesa-vulkan-drivers:amd64 (25.0.7-0ubuntu0.24.04.1, automatic), libvorbisenc2:amd64 (1.3.7-1build3, automatic), libasyncns0:amd64 (0.8-6build4, automatic), libunibreak5:amd64 (5.1-2build1, automatic), libpangoft2-1.0-0:amd64 (1.52.1+ds-1build1, automatic), libtheora0:amd64 (1.1.1+dfsg.1-16.1build3, automatic), libxvidcore4:amd64 (2:1.3.7-1build1, automatic), libpocketsphinx3:amd64 (0.8.0+real5prealpha+1-15ubuntu5, automatic), dmsetup:amd64 (2:1.02.185-3ubuntu3.2, automatic), libsndfile1:amd64 (1.2.2-1ubuntu5.24.04.1, automatic), libavutil58:amd64 (7:6.1.1-3ubuntu5, automatic), libwebp7:amd64 (1.3.2-0.4build3, automatic), libjson-c5:amd64 (0.17-1build1, automatic), libswscale7:amd64 (7:6.1.1-3ubuntu5, automatic), libatk1.0-0t64:amd64 (2.52.0-1build1, automatic), dbus-session-bus-common:amd64 (1.14.10-4ubuntu4.1, automatic), libspeex1:amd64 (1.2.1-2ubuntu2.24.04.1, automatic), libcryptsetup12:amd64 (2:2.7.0-1ubuntu4.2, automatic), libasound2-data:amd64 (1.2.11-1ubuntu0.1, automatic), libflac12t64:amd64 (1.4.3+ds-2.1ubuntu2, automatic), libthai-data:amd64 (0.1.29-2build1, automatic), libavahi-common3:amd64 (0.8-13ubuntu6, automatic), alsa-topology-conf:amd64 (1.2.5.1-2, automatic), librsvg2-2:amd64 (2.58.0+dfsg-1build1, automatic), libsamplerate0:amd64 (0.2.2-4build1, automatic), ocl-icd-libopencl1:amd64 (2.3.2-1build1, automatic), libxcb-glx0:amd64 (1.15-1ubuntu2, automatic), libbdplus0:amd64 (0.2.0-3build1, automatic), libogg0:amd64 (1.3.5-3build1, automatic), libxinerama1:amd64 (2:1.1.4-3build1, automatic), libsord-0-0:amd64 (0.16.16-2build1, automatic), libjbig0:amd64 (2.1-6.1ubuntu2, automatic), libflite1:amd64 (2.2-6build3, automatic), libopenjp2-7:amd64 (2.5.0-2ubuntu0.3, automatic), libwayland-egl1:amd64 (1.22.0-2.1build1, automatic), libpython3-stdlib:amd64 (3.12.3-0ubuntu2, automatic), libxcb-shape0:amd64 (1.15-1ubuntu2, automatic), libplacebo338:amd64 (6.338.2-2build1, automatic), libzix-0-0:amd64 (0.4.2-2build1, automatic), libvorbis0a:amd64 (1.3.7-1build3, automatic), libsdl2-2.0-0:amd64 (2.30.0+dfsg-1ubuntu3.1, automatic), libzmq5:amd64 (4.3.5-1build2, automatic), libdrm-amdgpu1:amd64 (2.4.122-1~ubuntu0.24.04.1, automatic), dconf-gsettings-backend:amd64 (0.40.0-4build2, automatic), libdrm2:amd64 (2.4.122-1~ubuntu0.24.04.1, automatic), libchromaprint1:amd64 (1.5.1-5, automatic), libsensors5:amd64 (1:3.6.0-9build1, automatic), libxcb-randr0:amd64 (1.15-1ubuntu2, automatic), libsystemd-shared:amd64 (255.4-1ubuntu8.10, automatic), libswresample4:amd64 (7:6.1.1-3ubuntu5, automatic), librabbitmq4:amd64 (0.11.0-1build2, automatic), libcdio-paranoia2t64:amd64 (10.2+2.0.1-1.1build2, automatic), gtk-update-icon-cache:amd64 (3.24.41-4ubuntu1.3, automatic), libkmod2:amd64 (31+20240202-2ubuntu7.1, automatic), libxext6:amd64 (2:1.3.4-1build2, automatic), libgtk-3-common:amd64 (3.24.41-4ubuntu1.3, automatic), libdc1394-25:amd64 (2.2.6-4build1, automatic), libharfbuzz0b:amd64 (8.3.0-2build2, automatic), systemd-sysv:amd64 (255.4-1ubuntu8.10, automatic), libgtk-3-bin:amd64 (3.24.41-4ubuntu1.3, automatic), libavformat60:amd64 (7:6.1.1-3ubuntu5, automatic), liblilv-0-0:amd64 (0.24.22-1build1, automatic), libmpg123-0t64:amd64 (1.32.5-1ubuntu1.1, automatic), libslang2:amd64 (2.3.3-3build2, automatic), libargon2-1:amd64 (0~20190702+dfsg-4build1, automatic), session-migration:amd64 (0.3.9build1, automatic), libva-drm2:amd64 (2.20.0-2build1, automatic), libxcb-shm0:amd64 (1.15-1ubuntu2, automatic), libgtk-3-0t64:amd64 (3.24.41-4ubuntu1.3, automatic), python3.12-minimal:amd64 (3.12.3-1ubuntu0.8, automatic), dconf-service:amd64 (0.40.0-4build2, automatic), libgl1:amd64 (1.7.0-1build1, automatic), libx11-6:amd64 (2:1.8.7-1build1, automatic), libwayland-client0:amd64 (1.22.0-2.1build1, automatic), liblapack3:amd64 (3.12.0-3build1.1, automatic), libopenmpt0t64:amd64 (0.7.3-1.1build3, automatic), libigdgmm12:amd64 (22.3.17+ds1-1, automatic), python3-dbus:amd64 (1.3.2-5build3, automatic), liblcms2-2:amd64 (2.14-2build1, automatic), mesa-vdpau-drivers:amd64 (25.0.7-0ubuntu0.24.04.1, automatic), dbus-system-bus-common:amd64 (1.14.10-4ubuntu4.1, automatic), libatk-bridge2.0-0t64:amd64 (2.52.0-1build1, automatic), dbus:amd64 (1.14.10-4ubuntu4.1, automatic), libepoxy0:amd64 (1.5.10-1build1, automatic), libelf1t64:amd64 (0.190-1.1ubuntu0.1, automatic), libpgm-5.3-0t64:amd64 (5.3.128~dfsg-2.1build1, automatic), libxcb-sync1:amd64 (1.15-1ubuntu2, automatic), libpython3.12-stdlib:amd64 (3.12.3-1ubuntu0.8, automatic), libedit2:amd64 (3.1-20230828-1build1, automatic), libicu74:amd64 (74.2-1ubuntu3.1, automatic), at-spi2-common:amd64 (2.52.0-1build1, automatic), libavahi-client3:amd64 (0.8-13ubuntu6, automatic), libdevmapper1.02.1:amd64 (2:1.02.185-3ubuntu3.2, automatic), librav1e0:amd64 (0.7.1-2, automatic), libva2:amd64 (2.20.0-2build1, automatic), libdrm-intel1:amd64 (2.4.122-1~ubuntu0.24.04.1, automatic), libxfixes3:amd64 (1:6.0.0-2build1, automatic), libxdmcp6:amd64 (1:1.1.3-0ubuntu6, automatic), intel-media-va-driver:amd64 (24.1.0+dfsg1-1ubuntu0.1, automatic), libxi6:amd64 (2:1.8.1-1build1, automatic), libxv1:amd64 (2:1.0.11-1.1build1, automatic), libglib2.0-0t64:amd64 (2.80.0-6ubuntu3.4, automatic), libxcb-xfixes0:amd64 (1.15-1ubuntu2, automatic), libavfilter9:amd64 (7:6.1.1-3ubuntu5, automatic), libsratom-0-0:amd64 (0.6.16-1build1, automatic), libgdk-pixbuf2.0-common:amd64 (2.42.10+dfsg-3ubuntu3.2, automatic)
End-Date: 2025-08-23  17:09:34
