update-alternatives 2025-07-30 02:11:38: run with --install /usr/bin/awk awk /usr/bin/mawk 5 --slave /usr/share/man/man1/awk.1.gz awk.1.gz /usr/share/man/man1/mawk.1.gz --slave /usr/bin/nawk nawk /usr/bin/mawk --slave /usr/share/man/man1/nawk.1.gz nawk.1.gz /usr/share/man/man1/mawk.1.gz
update-alternatives 2025-07-30 02:11:38: link group awk updated to point to /usr/bin/mawk
update-alternatives 2025-07-30 02:11:42: run with --install /usr/bin/which which /usr/bin/which.debianutils 0 --slave /usr/share/man/man1/which.1.gz which.1.gz /usr/share/man/man1/which.debianutils.1.gz --slave /usr/share/man/de/man1/which.1.gz which.de1.gz /usr/share/man/de/man1/which.debianutils.1.gz --slave /usr/share/man/es/man1/which.1.gz which.es1.gz /usr/share/man/es/man1/which.debianutils.1.gz --slave /usr/share/man/fr/man1/which.1.gz which.fr1.gz /usr/share/man/fr/man1/which.debianutils.1.gz --slave /usr/share/man/it/man1/which.1.gz which.it1.gz /usr/share/man/it/man1/which.debianutils.1.gz --slave /usr/share/man/ja/man1/which.1.gz which.ja1.gz /usr/share/man/ja/man1/which.debianutils.1.gz --slave /usr/share/man/pl/man1/which.1.gz which.pl1.gz /usr/share/man/pl/man1/which.debianutils.1.gz --slave /usr/share/man/sl/man1/which.1.gz which.sl1.gz /usr/share/man/sl/man1/which.debianutils.1.gz
update-alternatives 2025-07-30 02:11:42: link group which updated to point to /usr/bin/which.debianutils
update-alternatives 2025-07-30 02:11:42: run with --install /usr/bin/awk awk /usr/bin/mawk 5 --slave /usr/share/man/man1/awk.1.gz awk.1.gz /usr/share/man/man1/mawk.1.gz --slave /usr/bin/nawk nawk /usr/bin/mawk --slave /usr/share/man/man1/nawk.1.gz nawk.1.gz /usr/share/man/man1/mawk.1.gz
update-alternatives 2025-07-30 02:11:43: run with --install /usr/share/man/man7/builtins.7.gz builtins.7.gz /usr/share/man/man7/bash-builtins.7.gz 10
update-alternatives 2025-07-30 02:11:43: link group builtins.7.gz updated to point to /usr/share/man/man7/bash-builtins.7.gz
update-alternatives 2025-07-30 02:11:43: run with --install /usr/sbin/rmt rmt /usr/sbin/rmt-tar 50 --slave /usr/share/man/man8/rmt.8.gz rmt.8.gz /usr/share/man/man8/rmt-tar.8.gz
update-alternatives 2025-07-30 02:11:43: link group rmt updated to point to /usr/sbin/rmt-tar
update-alternatives 2025-07-30 02:11:43: run with --install /usr/bin/pager pager /bin/more 50 --slave /usr/share/man/man1/pager.1.gz pager.1.gz /usr/share/man/man1/more.1.gz
update-alternatives 2025-07-30 02:11:43: link group pager updated to point to /bin/more
update-alternatives 2025-07-30 02:12:06: run with --remove builtins.7.gz /usr/share/man/man7/bash-builtins.7.gz
update-alternatives 2025-07-30 02:12:06: link group builtins.7.gz fully removed
update-alternatives 2025-07-30 02:12:30: run with --install /usr/bin/which which /usr/bin/which.debianutils 0 --slave /usr/share/man/man1/which.1.gz which.1.gz /usr/share/man/man1/which.debianutils.1.gz --slave /usr/share/man/de/man1/which.1.gz which.de1.gz /usr/share/man/de/man1/which.debianutils.1.gz --slave /usr/share/man/es/man1/which.1.gz which.es1.gz /usr/share/man/es/man1/which.debianutils.1.gz --slave /usr/share/man/fr/man1/which.1.gz which.fr1.gz /usr/share/man/fr/man1/which.debianutils.1.gz --slave /usr/share/man/it/man1/which.1.gz which.it1.gz /usr/share/man/it/man1/which.debianutils.1.gz --slave /usr/share/man/ja/man1/which.1.gz which.ja1.gz /usr/share/man/ja/man1/which.debianutils.1.gz --slave /usr/share/man/pl/man1/which.1.gz which.pl1.gz /usr/share/man/pl/man1/which.debianutils.1.gz --slave /usr/share/man/sl/man1/which.1.gz which.sl1.gz /usr/share/man/sl/man1/which.debianutils.1.gz
update-alternatives 2025-07-30 02:12:30: auto-repair link group which
update-alternatives 2025-07-30 02:17:43: run with --install /usr/bin/awk awk /usr/bin/mawk 5 --slave /usr/share/man/man1/awk.1.gz awk.1.gz /usr/share/man/man1/mawk.1.gz --slave /usr/bin/nawk nawk /usr/bin/mawk --slave /usr/share/man/man1/nawk.1.gz nawk.1.gz /usr/share/man/man1/mawk.1.gz
update-alternatives 2025-07-30 02:17:43: auto-repair link group awk
update-alternatives 2025-07-30 02:18:30: run with --install /usr/sbin/rmt rmt /usr/sbin/rmt-tar 50 --slave /usr/share/man/man8/rmt.8.gz rmt.8.gz /usr/share/man/man8/rmt-tar.8.gz
update-alternatives 2025-07-30 02:18:30: auto-repair link group rmt
update-alternatives 2025-07-30 02:18:40: run with --install /usr/bin/pager pager /bin/more 50 --slave /usr/share/man/man1/pager.1.gz pager.1.gz /usr/share/man/man1/more.1.gz
update-alternatives 2025-07-30 02:18:40: auto-repair link group pager
update-alternatives 2025-07-30 02:19:17: run with --install /usr/bin/pager pager /bin/more 50 --slave /usr/share/man/man1/pager.1.gz pager.1.gz /usr/share/man/man1/more.1.gz
update-alternatives 2025-08-12 17:23:51: run with --quiet --install /usr/bin/pinentry pinentry /usr/bin/pinentry-curses 50 --slave /usr/share/man/man1/pinentry.1.gz pinentry.1.gz /usr/share/man/man1/pinentry-curses.1.gz
update-alternatives 2025-08-12 17:23:51: link group pinentry updated to point to /usr/bin/pinentry-curses
update-alternatives 2025-08-23 17:09:21: run with --install /usr/lib/x86_64-linux-gnu/libblas.so.3 libblas.so.3-x86_64-linux-gnu /usr/lib/x86_64-linux-gnu/blas/libblas.so.3 10
update-alternatives 2025-08-23 17:09:21: link group libblas.so.3-x86_64-linux-gnu updated to point to /usr/lib/x86_64-linux-gnu/blas/libblas.so.3
update-alternatives 2025-08-23 17:09:22: run with --install /usr/lib/x86_64-linux-gnu/liblapack.so.3 liblapack.so.3-x86_64-linux-gnu /usr/lib/x86_64-linux-gnu/lapack/liblapack.so.3 10
update-alternatives 2025-08-23 17:09:22: link group liblapack.so.3-x86_64-linux-gnu updated to point to /usr/lib/x86_64-linux-gnu/lapack/liblapack.so.3
update-alternatives 2025-08-23 17:09:33: run with --install /usr/share/icons/default/index.theme x-cursor-theme /usr/share/icons/Adwaita/cursor.theme 90
update-alternatives 2025-08-23 17:09:33: link group x-cursor-theme updated to point to /usr/share/icons/Adwaita/cursor.theme
